2020-07-20 17:52:46,529 [Worker-5: Loading available Gradle versions] INFO  o.e.b.c.i.u.g.PublishedGradleVersions - Gradle version information cache is not available. Remote download required.
2020-07-21 16:49:04,722 [Worker-10: Loading available Gradle versions] INFO  o.e.b.c.i.u.g.PublishedGradleVersions - Gradle version information cache is up-to-date. Trying to read.
2020-07-21 16:53:05,358 [Worker-13: reload maven project] INFO  o.e.m.c.i.e.AbstractTransferListenerAdapter - Downloading https://repo.maven.apache.org/maven2/org/apache/logging/log4j/log4j-api/2.13.3/log4j-api-2.13.3.pom
2020-07-21 16:53:05,647 [Worker-13: reload maven project] INFO  o.e.m.c.i.e.AbstractTransferListenerAdapter - Downloaded https://repo.maven.apache.org/maven2/org/apache/logging/log4j/log4j-api/2.13.3/log4j-api-2.13.3.pom
2020-07-21 16:53:05,854 [Worker-13: reload maven project] INFO  o.e.m.c.i.e.AbstractTransferListenerAdapter - Downloading https://repo.maven.apache.org/maven2/org/apache/logging/log4j/log4j/2.13.3/log4j-2.13.3.pom
2020-07-21 16:53:06,281 [Worker-13: reload maven project] INFO  o.e.m.c.i.e.AbstractTransferListenerAdapter - Downloaded https://repo.maven.apache.org/maven2/org/apache/logging/log4j/log4j/2.13.3/log4j-2.13.3.pom
2020-07-21 16:53:06,483 [Worker-13: reload maven project] INFO  o.e.m.c.i.e.AbstractTransferListenerAdapter - Downloading https://repo.maven.apache.org/maven2/org/apache/logging/log4j/log4j-core/2.13.3/log4j-core-2.13.3.pom
2020-07-21 16:53:06,693 [Worker-13: reload maven project] INFO  o.e.m.c.i.e.AbstractTransferListenerAdapter - Downloaded https://repo.maven.apache.org/maven2/org/apache/logging/log4j/log4j-core/2.13.3/log4j-core-2.13.3.pom
2020-07-21 16:53:06,888 [AetherRepositoryConnector-repo.maven.apache.org-0-0] INFO  o.e.m.c.i.e.AbstractTransferListenerAdapter - Downloading https://repo.maven.apache.org/maven2/org/apache/logging/log4j/log4j-api/2.13.3/log4j-api-2.13.3.jar
2020-07-21 16:53:07,488 [AetherRepositoryConnector-repo.maven.apache.org-0-1] INFO  o.e.m.c.i.e.AbstractTransferListenerAdapter - Downloading https://repo.maven.apache.org/maven2/org/apache/logging/log4j/log4j-core/2.13.3/log4j-core-2.13.3.jar
2020-07-21 16:53:07,871 [AetherRepositoryConnector-repo.maven.apache.org-0-0] INFO  o.e.m.c.i.e.AbstractTransferListenerAdapter - Downloaded https://repo.maven.apache.org/maven2/org/apache/logging/log4j/log4j-api/2.13.3/log4j-api-2.13.3.jar
2020-07-21 16:53:12,725 [AetherRepositoryConnector-repo.maven.apache.org-0-1] INFO  o.e.m.c.i.e.AbstractTransferListenerAdapter - Downloaded https://repo.maven.apache.org/maven2/org/apache/logging/log4j/log4j-core/2.13.3/log4j-core-2.13.3.jar
2020-07-21 17:56:24,032 [main] INFO  o.e.m2e.actions.ExecutePomAction - Creating new launch configuration
2020-07-21 17:56:31,249 [Worker-19: Launching bootcampgl] INFO  o.e.m.i.launch.MavenLaunchDelegate - C:\GLBootCamp\workspace\GLBootCamp
2020-07-21 17:56:31,249 [Worker-19: Launching bootcampgl] INFO  o.e.m.i.launch.MavenLaunchDelegate -  mvn -B  -Dstyle.color=always
2020-07-21 18:01:02,917 [Worker-19: Launching bootcampgl] INFO  o.e.m.i.launch.MavenLaunchDelegate - C:\GLBootCamp\workspace\GLBootCamp
2020-07-21 18:01:02,917 [Worker-19: Launching bootcampgl] INFO  o.e.m.i.launch.MavenLaunchDelegate -  mvn -B  -Dstyle.color=always
2020-07-21 18:01:43,515 [Worker-26: Launching bootcampgl] INFO  o.e.m.i.launch.MavenLaunchDelegate - C:\GLBootCamp\workspace\GLBootCamp
2020-07-21 18:01:43,515 [Worker-26: Launching bootcampgl] INFO  o.e.m.i.launch.MavenLaunchDelegate -  mvn -B  -Dstyle.color=always
2020-07-21 18:08:43,810 [Worker-24: Searching...] INFO  o.e.m.c.i.e.AbstractTransferListenerAdapter - Downloading https://repo.maven.apache.org/maven2/io/takari/m2e/workspace/org.eclipse.m2e.workspace.cli/0.3.1/org.eclipse.m2e.workspace.cli-0.3.1-sources.jar
2020-07-21 18:08:44,039 [Worker-24: Searching...] INFO  o.e.m.c.i.e.AbstractTransferListenerAdapter - Downloaded https://repo.maven.apache.org/maven2/io/takari/m2e/workspace/org.eclipse.m2e.workspace.cli/0.3.1/org.eclipse.m2e.workspace.cli-0.3.1-sources.jar
2020-07-21 18:08:45,091 [Worker-24: Searching...] INFO  o.e.m.c.i.e.AbstractTransferListenerAdapter - Downloading https://repo.maven.apache.org/maven2/org/codehaus/plexus/plexus-classworlds/2.6.0/plexus-classworlds-2.6.0-sources.jar
2020-07-21 18:08:45,641 [Worker-24: Searching...] INFO  o.e.m.c.i.e.AbstractTransferListenerAdapter - Downloaded https://repo.maven.apache.org/maven2/org/codehaus/plexus/plexus-classworlds/2.6.0/plexus-classworlds-2.6.0-sources.jar
2020-07-21 18:08:46,392 [Worker-24: Searching...] INFO  o.e.m.c.i.e.AbstractTransferListenerAdapter - Downloading https://repo.maven.apache.org/maven2/org/apache/maven/maven-core/3.6.3/maven-core-3.6.3-sources.jar
2020-07-21 18:08:48,165 [Worker-24: Searching...] INFO  o.e.m.c.i.e.AbstractTransferListenerAdapter - Downloaded https://repo.maven.apache.org/maven2/org/apache/maven/maven-core/3.6.3/maven-core-3.6.3-sources.jar
2020-07-21 18:08:48,969 [Worker-24: Searching...] INFO  o.e.m.c.i.e.AbstractTransferListenerAdapter - Downloading https://repo.maven.apache.org/maven2/org/apache/maven/maven-model/3.6.3/maven-model-3.6.3-sources.jar
2020-07-21 18:08:49,754 [Worker-24: Searching...] INFO  o.e.m.c.i.e.AbstractTransferListenerAdapter - Downloaded https://repo.maven.apache.org/maven2/org/apache/maven/maven-model/3.6.3/maven-model-3.6.3-sources.jar
2020-07-21 18:08:50,545 [Worker-24: Searching...] INFO  o.e.m.c.i.e.AbstractTransferListenerAdapter - Downloading https://repo.maven.apache.org/maven2/org/apache/maven/maven-settings/3.6.3/maven-settings-3.6.3-sources.jar
2020-07-21 18:08:51,048 [Worker-24: Searching...] INFO  o.e.m.c.i.e.AbstractTransferListenerAdapter - Downloaded https://repo.maven.apache.org/maven2/org/apache/maven/maven-settings/3.6.3/maven-settings-3.6.3-sources.jar
2020-07-21 18:08:51,863 [Worker-24: Searching...] INFO  o.e.m.c.i.e.AbstractTransferListenerAdapter - Downloading https://repo.maven.apache.org/maven2/org/apache/maven/maven-settings-builder/3.6.3/maven-settings-builder-3.6.3-sources.jar
2020-07-21 18:08:52,523 [Worker-24: Searching...] INFO  o.e.m.c.i.e.AbstractTransferListenerAdapter - Downloaded https://repo.maven.apache.org/maven2/org/apache/maven/maven-settings-builder/3.6.3/maven-settings-builder-3.6.3-sources.jar
2020-07-21 18:08:53,348 [Worker-24: Searching...] INFO  o.e.m.c.i.e.AbstractTransferListenerAdapter - Downloading https://repo.maven.apache.org/maven2/org/apache/maven/maven-builder-support/3.6.3/maven-builder-support-3.6.3-sources.jar
2020-07-21 18:08:53,775 [Worker-24: Searching...] INFO  o.e.m.c.i.e.AbstractTransferListenerAdapter - Downloaded https://repo.maven.apache.org/maven2/org/apache/maven/maven-builder-support/3.6.3/maven-builder-support-3.6.3-sources.jar
2020-07-21 18:08:54,549 [Worker-24: Searching...] INFO  o.e.m.c.i.e.AbstractTransferListenerAdapter - Downloading https://repo.maven.apache.org/maven2/org/apache/maven/maven-repository-metadata/3.6.3/maven-repository-metadata-3.6.3-sources.jar
2020-07-21 18:08:54,951 [Worker-24: Searching...] INFO  o.e.m.c.i.e.AbstractTransferListenerAdapter - Downloaded https://repo.maven.apache.org/maven2/org/apache/maven/maven-repository-metadata/3.6.3/maven-repository-metadata-3.6.3-sources.jar
2020-07-21 18:08:55,715 [Worker-24: Searching...] INFO  o.e.m.c.i.e.AbstractTransferListenerAdapter - Downloading https://repo.maven.apache.org/maven2/org/apache/maven/maven-artifact/3.6.3/maven-artifact-3.6.3-sources.jar
2020-07-21 18:08:56,253 [Worker-24: Searching...] INFO  o.e.m.c.i.e.AbstractTransferListenerAdapter - Downloaded https://repo.maven.apache.org/maven2/org/apache/maven/maven-artifact/3.6.3/maven-artifact-3.6.3-sources.jar
2020-07-21 18:08:57,056 [Worker-24: Searching...] INFO  o.e.m.c.i.e.AbstractTransferListenerAdapter - Downloading https://repo.maven.apache.org/maven2/org/apache/maven/maven-plugin-api/3.6.3/maven-plugin-api-3.6.3-sources.jar
2020-07-21 18:08:57,708 [Worker-24: Searching...] INFO  o.e.m.c.i.e.AbstractTransferListenerAdapter - Downloaded https://repo.maven.apache.org/maven2/org/apache/maven/maven-plugin-api/3.6.3/maven-plugin-api-3.6.3-sources.jar
2020-07-21 18:08:58,484 [Worker-24: Searching...] INFO  o.e.m.c.i.e.AbstractTransferListenerAdapter - Downloading https://repo.maven.apache.org/maven2/org/apache/maven/maven-model-builder/3.6.3/maven-model-builder-3.6.3-sources.jar
2020-07-21 18:08:59,325 [Worker-24: Searching...] INFO  o.e.m.c.i.e.AbstractTransferListenerAdapter - Downloaded https://repo.maven.apache.org/maven2/org/apache/maven/maven-model-builder/3.6.3/maven-model-builder-3.6.3-sources.jar
2020-07-21 18:09:00,084 [Worker-24: Searching...] INFO  o.e.m.c.i.e.AbstractTransferListenerAdapter - Downloading https://repo.maven.apache.org/maven2/org/apache/maven/maven-resolver-provider/3.6.3/maven-resolver-provider-3.6.3-sources.jar
2020-07-21 18:09:00,709 [Worker-24: Searching...] INFO  o.e.m.c.i.e.AbstractTransferListenerAdapter - Downloaded https://repo.maven.apache.org/maven2/org/apache/maven/maven-resolver-provider/3.6.3/maven-resolver-provider-3.6.3-sources.jar
2020-07-21 18:09:01,525 [Worker-24: Searching...] INFO  o.e.m.c.i.e.AbstractTransferListenerAdapter - Downloading https://repo.maven.apache.org/maven2/org/apache/maven/resolver/maven-resolver-api/1.4.1/maven-resolver-api-1.4.1-sources.jar
2020-07-21 18:09:02,516 [Worker-24: Searching...] INFO  o.e.m.c.i.e.AbstractTransferListenerAdapter - Downloaded https://repo.maven.apache.org/maven2/org/apache/maven/resolver/maven-resolver-api/1.4.1/maven-resolver-api-1.4.1-sources.jar
2020-07-21 18:09:03,329 [Worker-24: Searching...] INFO  o.e.m.c.i.e.AbstractTransferListenerAdapter - Downloading https://repo.maven.apache.org/maven2/org/apache/maven/resolver/maven-resolver-spi/1.4.1/maven-resolver-spi-1.4.1-sources.jar
2020-07-21 18:09:03,886 [Worker-24: Searching...] INFO  o.e.m.c.i.e.AbstractTransferListenerAdapter - Downloaded https://repo.maven.apache.org/maven2/org/apache/maven/resolver/maven-resolver-spi/1.4.1/maven-resolver-spi-1.4.1-sources.jar
2020-07-21 18:09:04,707 [Worker-24: Searching...] INFO  o.e.m.c.i.e.AbstractTransferListenerAdapter - Downloading https://repo.maven.apache.org/maven2/org/apache/maven/resolver/maven-resolver-util/1.4.1/maven-resolver-util-1.4.1-sources.jar
2020-07-21 18:09:05,454 [Worker-24: Searching...] INFO  o.e.m.c.i.e.AbstractTransferListenerAdapter - Downloaded https://repo.maven.apache.org/maven2/org/apache/maven/resolver/maven-resolver-util/1.4.1/maven-resolver-util-1.4.1-sources.jar
2020-07-21 18:09:06,264 [Worker-24: Searching...] INFO  o.e.m.c.i.e.AbstractTransferListenerAdapter - Downloading https://repo.maven.apache.org/maven2/org/apache/maven/shared/maven-shared-utils/3.2.1/maven-shared-utils-3.2.1-sources.jar
2020-07-21 18:09:07,151 [Worker-24: Searching...] INFO  o.e.m.c.i.e.AbstractTransferListenerAdapter - Downloaded https://repo.maven.apache.org/maven2/org/apache/maven/shared/maven-shared-utils/3.2.1/maven-shared-utils-3.2.1-sources.jar
2020-07-21 18:09:07,950 [Worker-24: Searching...] INFO  o.e.m.c.i.e.AbstractTransferListenerAdapter - Downloading https://repo.maven.apache.org/maven2/commons-io/commons-io/2.5/commons-io-2.5-sources.jar
2020-07-21 18:09:09,057 [Worker-24: Searching...] INFO  o.e.m.c.i.e.AbstractTransferListenerAdapter - Downloaded https://repo.maven.apache.org/maven2/commons-io/commons-io/2.5/commons-io-2.5-sources.jar
2020-07-21 18:09:09,863 [Worker-24: Searching...] INFO  o.e.m.c.i.e.AbstractTransferListenerAdapter - Downloading https://repo.maven.apache.org/maven2/com/google/guava/guava/25.1-android/guava-25.1-android-sources.jar
2020-07-21 18:09:14,633 [Worker-24: Searching...] INFO  o.e.m.c.i.e.AbstractTransferListenerAdapter - Downloaded https://repo.maven.apache.org/maven2/com/google/guava/guava/25.1-android/guava-25.1-android-sources.jar
2020-07-21 18:09:15,466 [Worker-24: Searching...] INFO  o.e.m.c.i.e.AbstractTransferListenerAdapter - Downloading https://repo.maven.apache.org/maven2/com/google/errorprone/error_prone_annotations/2.1.3/error_prone_annotations-2.1.3-sources.jar
2020-07-21 18:09:15,867 [Worker-24: Searching...] INFO  o.e.m.c.i.e.AbstractTransferListenerAdapter - Downloaded https://repo.maven.apache.org/maven2/com/google/errorprone/error_prone_annotations/2.1.3/error_prone_annotations-2.1.3-sources.jar
2020-07-21 18:09:16,627 [Worker-24: Searching...] INFO  o.e.m.c.i.e.AbstractTransferListenerAdapter - Downloading https://repo.maven.apache.org/maven2/com/google/j2objc/j2objc-annotations/1.1/j2objc-annotations-1.1-sources.jar
2020-07-21 18:09:16,837 [Worker-24: Searching...] INFO  o.e.m.c.i.e.AbstractTransferListenerAdapter - Downloaded https://repo.maven.apache.org/maven2/com/google/j2objc/j2objc-annotations/1.1/j2objc-annotations-1.1-sources.jar
2020-07-21 18:09:17,619 [Worker-24: Searching...] INFO  o.e.m.c.i.e.AbstractTransferListenerAdapter - Downloading https://repo.maven.apache.org/maven2/org/codehaus/mojo/animal-sniffer-annotations/1.14/animal-sniffer-annotations-1.14-sources.jar
2020-07-21 18:09:17,910 [Worker-24: Searching...] INFO  o.e.m.c.i.e.AbstractTransferListenerAdapter - Downloaded https://repo.maven.apache.org/maven2/org/codehaus/mojo/animal-sniffer-annotations/1.14/animal-sniffer-annotations-1.14-sources.jar
2020-07-21 18:09:18,733 [Worker-24: Searching...] INFO  o.e.m.c.i.e.AbstractTransferListenerAdapter - Downloading https://repo.maven.apache.org/maven2/org/codehaus/plexus/plexus-utils/3.2.1/plexus-utils-3.2.1-sources.jar
2020-07-21 18:09:19,840 [Worker-24: Searching...] INFO  o.e.m.c.i.e.AbstractTransferListenerAdapter - Downloaded https://repo.maven.apache.org/maven2/org/codehaus/plexus/plexus-utils/3.2.1/plexus-utils-3.2.1-sources.jar
2020-07-21 18:09:20,619 [Worker-24: Searching...] INFO  o.e.m.c.i.e.AbstractTransferListenerAdapter - Downloading https://repo.maven.apache.org/maven2/org/codehaus/plexus/plexus-component-annotations/2.1.0/plexus-component-annotations-2.1.0-sources.jar
2020-07-21 18:09:20,816 [Worker-24: Searching...] INFO  o.e.m.c.i.e.AbstractTransferListenerAdapter - Downloaded https://repo.maven.apache.org/maven2/org/codehaus/plexus/plexus-component-annotations/2.1.0/plexus-component-annotations-2.1.0-sources.jar
2020-07-21 18:09:21,595 [Worker-24: Searching...] INFO  o.e.m.c.i.e.AbstractTransferListenerAdapter - Downloading https://repo.maven.apache.org/maven2/org/apache/commons/commons-lang3/3.8.1/commons-lang3-3.8.1-sources.jar
2020-07-21 18:09:23,473 [Worker-24: Searching...] INFO  o.e.m.c.i.e.AbstractTransferListenerAdapter - Downloaded https://repo.maven.apache.org/maven2/org/apache/commons/commons-lang3/3.8.1/commons-lang3-3.8.1-sources.jar
2020-07-21 18:09:24,325 [Worker-24: Searching...] INFO  o.e.m.c.i.e.AbstractTransferListenerAdapter - Downloading https://repo.maven.apache.org/maven2/org/apache/maven/maven-embedder/3.6.3/maven-embedder-3.6.3-sources.jar
2020-07-21 18:09:24,936 [Worker-24: Searching...] INFO  o.e.m.c.i.e.AbstractTransferListenerAdapter - Downloaded https://repo.maven.apache.org/maven2/org/apache/maven/maven-embedder/3.6.3/maven-embedder-3.6.3-sources.jar
2020-07-21 18:09:25,717 [Worker-24: Searching...] INFO  o.e.m.c.i.e.AbstractTransferListenerAdapter - Downloading https://repo.maven.apache.org/maven2/org/sonatype/plexus/plexus-sec-dispatcher/1.4/plexus-sec-dispatcher-1.4-sources.jar
2020-07-21 18:09:26,112 [Worker-24: Searching...] INFO  o.e.m.c.i.e.AbstractTransferListenerAdapter - Downloaded https://repo.maven.apache.org/maven2/org/sonatype/plexus/plexus-sec-dispatcher/1.4/plexus-sec-dispatcher-1.4-sources.jar
2020-07-21 18:09:26,906 [Worker-24: Searching...] INFO  o.e.m.c.i.e.AbstractTransferListenerAdapter - Downloading https://repo.maven.apache.org/maven2/org/sonatype/plexus/plexus-cipher/1.7/plexus-cipher-1.7-sources.jar
2020-07-21 18:09:27,131 [Worker-24: Searching...] INFO  o.e.m.c.i.e.AbstractTransferListenerAdapter - Downloaded https://repo.maven.apache.org/maven2/org/sonatype/plexus/plexus-cipher/1.7/plexus-cipher-1.7-sources.jar
2020-07-21 18:09:27,915 [Worker-24: Searching...] INFO  o.e.m.c.i.e.AbstractTransferListenerAdapter - Downloading https://repo.maven.apache.org/maven2/commons-cli/commons-cli/1.4/commons-cli-1.4-sources.jar
2020-07-21 18:09:28,475 [Worker-24: Searching...] INFO  o.e.m.c.i.e.AbstractTransferListenerAdapter - Downloaded https://repo.maven.apache.org/maven2/commons-cli/commons-cli/1.4/commons-cli-1.4-sources.jar
2020-07-21 18:09:29,339 [Worker-24: Searching...] INFO  o.e.m.c.i.e.AbstractTransferListenerAdapter - Downloading https://repo.maven.apache.org/maven2/org/apache/maven/maven-compat/3.6.3/maven-compat-3.6.3-sources.jar
2020-07-21 18:09:30,453 [Worker-24: Searching...] INFO  o.e.m.c.i.e.AbstractTransferListenerAdapter - Downloaded https://repo.maven.apache.org/maven2/org/apache/maven/maven-compat/3.6.3/maven-compat-3.6.3-sources.jar
2020-07-21 18:09:31,330 [Worker-24: Searching...] INFO  o.e.m.c.i.e.AbstractTransferListenerAdapter - Downloading https://repo.maven.apache.org/maven2/org/codehaus/plexus/plexus-interpolation/1.25/plexus-interpolation-1.25-sources.jar
2020-07-21 18:09:31,917 [Worker-24: Searching...] INFO  o.e.m.c.i.e.AbstractTransferListenerAdapter - Downloaded https://repo.maven.apache.org/maven2/org/codehaus/plexus/plexus-interpolation/1.25/plexus-interpolation-1.25-sources.jar
2020-07-21 18:09:32,749 [Worker-24: Searching...] INFO  o.e.m.c.i.e.AbstractTransferListenerAdapter - Downloading https://repo.maven.apache.org/maven2/org/apache/maven/wagon/wagon-provider-api/3.3.4/wagon-provider-api-3.3.4-sources.jar
2020-07-21 18:09:33,302 [Worker-24: Searching...] INFO  o.e.m.c.i.e.AbstractTransferListenerAdapter - Downloaded https://repo.maven.apache.org/maven2/org/apache/maven/wagon/wagon-provider-api/3.3.4/wagon-provider-api-3.3.4-sources.jar
2020-07-21 18:09:34,128 [Worker-24: Searching...] INFO  o.e.m.c.i.e.AbstractTransferListenerAdapter - Downloading https://repo.maven.apache.org/maven2/javax/enterprise/cdi-api/1.0/cdi-api-1.0-sources.jar
2020-07-21 18:09:34,805 [Worker-24: Searching...] INFO  o.e.m.c.i.e.AbstractTransferListenerAdapter - Downloaded https://repo.maven.apache.org/maven2/javax/enterprise/cdi-api/1.0/cdi-api-1.0-sources.jar
2020-07-21 18:09:35,663 [Worker-24: Searching...] INFO  o.e.m.c.i.e.AbstractTransferListenerAdapter - Downloading https://repo.maven.apache.org/maven2/io/takari/aether/aether-connector-okhttp/0.17.8/aether-connector-okhttp-0.17.8-sources.jar
2020-07-21 18:09:36,092 [Worker-24: Searching...] INFO  o.e.m.c.i.e.AbstractTransferListenerAdapter - Downloaded https://repo.maven.apache.org/maven2/io/takari/aether/aether-connector-okhttp/0.17.8/aether-connector-okhttp-0.17.8-sources.jar
2020-07-21 18:09:36,918 [Worker-24: Searching...] INFO  o.e.m.c.i.e.AbstractTransferListenerAdapter - Downloading https://repo.maven.apache.org/maven2/com/squareup/okhttp3/okhttp/3.14.1/okhttp-3.14.1-sources.jar
2020-07-21 18:09:38,268 [Worker-24: Searching...] INFO  o.e.m.c.i.e.AbstractTransferListenerAdapter - Downloaded https://repo.maven.apache.org/maven2/com/squareup/okhttp3/okhttp/3.14.1/okhttp-3.14.1-sources.jar
2020-07-21 18:09:39,069 [Worker-24: Searching...] INFO  o.e.m.c.i.e.AbstractTransferListenerAdapter - Downloading https://repo.maven.apache.org/maven2/com/squareup/okio/okio/1.17.3/okio-1.17.3-sources.jar
2020-07-21 18:09:39,674 [Worker-24: Searching...] INFO  o.e.m.c.i.e.AbstractTransferListenerAdapter - Downloaded https://repo.maven.apache.org/maven2/com/squareup/okio/okio/1.17.3/okio-1.17.3-sources.jar
2020-07-21 18:09:40,469 [Worker-24: Searching...] INFO  o.e.m.c.i.e.AbstractTransferListenerAdapter - Downloading https://repo.maven.apache.org/maven2/org/apache/maven/resolver/maven-resolver-impl/1.4.1/maven-resolver-impl-1.4.1-sources.jar
2020-07-21 18:09:41,206 [Worker-24: Searching...] INFO  o.e.m.c.i.e.AbstractTransferListenerAdapter - Downloaded https://repo.maven.apache.org/maven2/org/apache/maven/resolver/maven-resolver-impl/1.4.1/maven-resolver-impl-1.4.1-sources.jar
2020-07-21 18:09:42,007 [Worker-24: Searching...] INFO  o.e.m.c.i.e.AbstractTransferListenerAdapter - Downloading https://repo.maven.apache.org/maven2/org/apache/maven/resolver/maven-resolver-connector-basic/1.4.1/maven-resolver-connector-basic-1.4.1-sources.jar
2020-07-21 18:09:42,412 [Worker-24: Searching...] INFO  o.e.m.c.i.e.AbstractTransferListenerAdapter - Downloaded https://repo.maven.apache.org/maven2/org/apache/maven/resolver/maven-resolver-connector-basic/1.4.1/maven-resolver-connector-basic-1.4.1-sources.jar
2020-07-21 18:09:43,227 [Worker-24: Searching...] INFO  o.e.m.c.i.e.AbstractTransferListenerAdapter - Downloading https://repo.maven.apache.org/maven2/org/apache/maven/resolver/maven-resolver-transport-wagon/1.4.1/maven-resolver-transport-wagon-1.4.1-sources.jar
2020-07-21 18:09:43,646 [Worker-24: Searching...] INFO  o.e.m.c.i.e.AbstractTransferListenerAdapter - Downloaded https://repo.maven.apache.org/maven2/org/apache/maven/resolver/maven-resolver-transport-wagon/1.4.1/maven-resolver-transport-wagon-1.4.1-sources.jar
2020-07-21 18:09:44,425 [Worker-24: Searching...] INFO  o.e.m.c.i.e.AbstractTransferListenerAdapter - Downloading https://repo.maven.apache.org/maven2/org/apache/maven/wagon/wagon-file/3.3.4/wagon-file-3.3.4-sources.jar
2020-07-21 18:09:44,642 [Worker-24: Searching...] INFO  o.e.m.c.i.e.AbstractTransferListenerAdapter - Downloaded https://repo.maven.apache.org/maven2/org/apache/maven/wagon/wagon-file/3.3.4/wagon-file-3.3.4-sources.jar
2020-07-21 18:09:45,440 [Worker-24: Searching...] INFO  o.e.m.c.i.e.AbstractTransferListenerAdapter - Downloading https://repo.maven.apache.org/maven2/org/fusesource/hawtjni/hawtjni-runtime/1.16/hawtjni-runtime-1.16-sources.jar
2020-07-21 18:09:45,876 [Worker-24: Searching...] INFO  o.e.m.c.i.e.AbstractTransferListenerAdapter - Downloaded https://repo.maven.apache.org/maven2/org/fusesource/hawtjni/hawtjni-runtime/1.16/hawtjni-runtime-1.16-sources.jar
2020-07-21 18:09:46,664 [Worker-24: Searching...] INFO  o.e.m.c.i.e.AbstractTransferListenerAdapter - Downloading https://repo.maven.apache.org/maven2/org/fusesource/jansi/jansi-freebsd32/1.8/jansi-freebsd32-1.8-sources.jar
2020-07-21 18:09:47,203 [Worker-24: Searching...] INFO  o.e.m.c.i.e.AbstractTransferListenerAdapter - Downloaded https://repo.maven.apache.org/maven2/org/fusesource/jansi/jansi-freebsd32/1.8/jansi-freebsd32-1.8-sources.jar
2020-07-21 18:09:48,008 [Worker-24: Searching...] INFO  o.e.m.c.i.e.AbstractTransferListenerAdapter - Downloading https://repo.maven.apache.org/maven2/org/fusesource/jansi/jansi-freebsd64/1.8/jansi-freebsd64-1.8-sources.jar
2020-07-21 18:09:48,549 [Worker-24: Searching...] INFO  o.e.m.c.i.e.AbstractTransferListenerAdapter - Downloaded https://repo.maven.apache.org/maven2/org/fusesource/jansi/jansi-freebsd64/1.8/jansi-freebsd64-1.8-sources.jar
2020-07-21 18:09:49,346 [Worker-24: Searching...] INFO  o.e.m.c.i.e.AbstractTransferListenerAdapter - Downloading https://repo.maven.apache.org/maven2/org/fusesource/jansi/jansi-linux32/1.8/jansi-linux32-1.8-sources.jar
2020-07-21 18:09:49,800 [Worker-24: Searching...] INFO  o.e.m.c.i.e.AbstractTransferListenerAdapter - Downloaded https://repo.maven.apache.org/maven2/org/fusesource/jansi/jansi-linux32/1.8/jansi-linux32-1.8-sources.jar
2020-07-21 18:09:50,555 [Worker-24: Searching...] INFO  o.e.m.c.i.e.AbstractTransferListenerAdapter - Downloading https://repo.maven.apache.org/maven2/org/fusesource/jansi/jansi-linux64/1.8/jansi-linux64-1.8-sources.jar
2020-07-21 18:09:51,076 [Worker-24: Searching...] INFO  o.e.m.c.i.e.AbstractTransferListenerAdapter - Downloaded https://repo.maven.apache.org/maven2/org/fusesource/jansi/jansi-linux64/1.8/jansi-linux64-1.8-sources.jar
2020-07-21 18:09:51,837 [Worker-24: Searching...] INFO  o.e.m.c.i.e.AbstractTransferListenerAdapter - Downloading https://repo.maven.apache.org/maven2/org/fusesource/jansi/jansi-native/1.8/jansi-native-1.8-sources.jar
2020-07-21 18:09:52,035 [Worker-24: Searching...] INFO  o.e.m.c.i.e.AbstractTransferListenerAdapter - Downloaded https://repo.maven.apache.org/maven2/org/fusesource/jansi/jansi-native/1.8/jansi-native-1.8-sources.jar
2020-07-21 18:09:52,796 [Worker-24: Searching...] INFO  o.e.m.c.i.e.AbstractTransferListenerAdapter - Downloading https://repo.maven.apache.org/maven2/org/fusesource/jansi/jansi-osx/1.8/jansi-osx-1.8-sources.jar
2020-07-21 18:09:53,184 [Worker-24: Searching...] INFO  o.e.m.c.i.e.AbstractTransferListenerAdapter - Downloaded https://repo.maven.apache.org/maven2/org/fusesource/jansi/jansi-osx/1.8/jansi-osx-1.8-sources.jar
2020-07-21 18:09:54,001 [Worker-24: Searching...] INFO  o.e.m.c.i.e.AbstractTransferListenerAdapter - Downloading https://repo.maven.apache.org/maven2/org/fusesource/jansi/jansi-windows32/1.8/jansi-windows32-1.8-sources.jar
2020-07-21 18:09:54,414 [Worker-24: Searching...] INFO  o.e.m.c.i.e.AbstractTransferListenerAdapter - Downloaded https://repo.maven.apache.org/maven2/org/fusesource/jansi/jansi-windows32/1.8/jansi-windows32-1.8-sources.jar
2020-07-21 18:09:55,156 [Worker-24: Searching...] INFO  o.e.m.c.i.e.AbstractTransferListenerAdapter - Downloading https://repo.maven.apache.org/maven2/org/fusesource/jansi/jansi-windows64/1.8/jansi-windows64-1.8-sources.jar
2020-07-21 18:09:55,520 [Worker-24: Searching...] INFO  o.e.m.c.i.e.AbstractTransferListenerAdapter - Downloaded https://repo.maven.apache.org/maven2/org/fusesource/jansi/jansi-windows64/1.8/jansi-windows64-1.8-sources.jar
2020-07-21 18:09:56,307 [Worker-24: Searching...] INFO  o.e.m.c.i.e.AbstractTransferListenerAdapter - Downloading https://repo.maven.apache.org/maven2/org/fusesource/jansi/jansi/1.17.1/jansi-1.17.1-sources.jar
2020-07-21 18:09:56,739 [Worker-24: Searching...] INFO  o.e.m.c.i.e.AbstractTransferListenerAdapter - Downloaded https://repo.maven.apache.org/maven2/org/fusesource/jansi/jansi/1.17.1/jansi-1.17.1-sources.jar
2020-07-21 18:09:57,519 [Worker-24: Searching...] INFO  o.e.m.c.i.e.AbstractTransferListenerAdapter - Downloading https://repo.maven.apache.org/maven2/org/slf4j/slf4j-simple/1.7.5/slf4j-simple-1.7.5-sources.jar
2020-07-21 18:09:57,749 [Worker-24: Searching...] INFO  o.e.m.c.i.e.AbstractTransferListenerAdapter - Downloaded https://repo.maven.apache.org/maven2/org/slf4j/slf4j-simple/1.7.5/slf4j-simple-1.7.5-sources.jar
2020-07-21 18:10:31,266 [Worker-32: Launching bootcampgl] INFO  o.e.m.i.launch.MavenLaunchDelegate - C:\GLBootCamp\workspace\GLBootCamp
2020-07-21 18:10:31,266 [Worker-32: Launching bootcampgl] INFO  o.e.m.i.launch.MavenLaunchDelegate -  mvn -B  -Dstyle.color=always
2020-07-21 18:10:31,266 [Worker-32: Launching bootcampgl] WARN  o.e.m.i.l.MavenLaunchExtensionsSupport - Unknown or unsupported source locator org.eclipse.jdt.internal.launching.sourcelookup.advanced.AdvancedSourceLookupDirector
2020-07-21 18:24:40,569 [main] INFO  o.e.m2e.actions.ExecutePomAction - Creating new launch configuration
2020-07-21 18:25:05,916 [main] INFO  o.e.m2e.actions.ExecutePomAction - Creating new launch configuration
2020-07-21 18:25:33,236 [main] INFO  o.e.m2e.actions.ExecutePomAction - Creating new launch configuration
2020-07-21 18:25:50,133 [Worker-24: Launching bootcampgl (3)] INFO  o.e.m.i.launch.MavenLaunchDelegate - C:\GLBootCamp\workspace\GLBootCamp
2020-07-21 18:25:50,133 [Worker-24: Launching bootcampgl (3)] INFO  o.e.m.i.launch.MavenLaunchDelegate -  mvn -B  -Dstyle.color=always
2020-07-21 18:27:49,423 [main] INFO  o.e.m2e.actions.ExecutePomAction - Creating new launch configuration
2020-07-21 18:28:12,114 [Worker-40: Launching bootcampgl (4)] INFO  o.e.m.i.launch.MavenLaunchDelegate - C:\GLBootCamp\workspace\GLBootCamp\bootcampgl
2020-07-21 18:28:12,115 [Worker-40: Launching bootcampgl (4)] INFO  o.e.m.i.launch.MavenLaunchDelegate -  mvn -B clean compile install -Dstyle.color=always
2020-07-21 18:30:14,855 [main] INFO  o.e.m2e.actions.ExecutePomAction - Using existing launch configuration
2020-07-21 18:30:14,984 [Worker-42: Launching bootcampgl (4)] INFO  o.e.m.i.launch.MavenLaunchDelegate - C:\GLBootCamp\workspace\GLBootCamp\bootcampgl
2020-07-21 18:30:14,984 [Worker-42: Launching bootcampgl (4)] INFO  o.e.m.i.launch.MavenLaunchDelegate -  mvn -B clean compile install -Dstyle.color=always
2020-07-21 18:35:53,844 [main] INFO  o.e.m2e.actions.ExecutePomAction - Using existing launch configuration
2020-07-21 18:35:53,991 [Worker-46: Launching bootcampgl (4)] INFO  o.e.m.i.launch.MavenLaunchDelegate - C:\GLBootCamp\workspace\GLBootCamp\bootcampgl
2020-07-21 18:35:53,991 [Worker-46: Launching bootcampgl (4)] INFO  o.e.m.i.launch.MavenLaunchDelegate -  mvn -B clean compile install -Dstyle.color=always
2020-07-21 18:36:23,442 [Worker-45: Launching bootcampgl] INFO  o.e.m.i.launch.MavenLaunchDelegate - C:\GLBootCamp\workspace\GLBootCamp
2020-07-21 18:36:23,442 [Worker-45: Launching bootcampgl] INFO  o.e.m.i.launch.MavenLaunchDelegate -  mvn -B  -Dstyle.color=always
2020-07-21 18:36:29,763 [main] INFO  o.e.m2e.actions.ExecutePomAction - Creating new launch configuration
2020-07-21 18:36:51,943 [Worker-46: Launching bootcampgl (1)] INFO  o.e.m.i.launch.MavenLaunchDelegate - C:\GLBootCamp\workspace\GLBootCamp\bootcampgl
2020-07-21 18:36:51,943 [Worker-46: Launching bootcampgl (1)] INFO  o.e.m.i.launch.MavenLaunchDelegate -  mvn -B  -Dstyle.color=always
2020-07-21 18:49:29,053 [Worker-54: Launching bootcampgl] INFO  o.e.m.i.launch.MavenLaunchDelegate - C:\GLBootCamp\workspace\GLBootCamp
2020-07-21 18:49:29,053 [Worker-54: Launching bootcampgl] INFO  o.e.m.i.launch.MavenLaunchDelegate -  mvn -B  -Dstyle.color=always
2020-07-21 18:49:37,531 [Worker-50: Launching bootcampgl] INFO  o.e.m.i.launch.MavenLaunchDelegate - C:\GLBootCamp\workspace\GLBootCamp
2020-07-21 18:49:37,531 [Worker-50: Launching bootcampgl] INFO  o.e.m.i.launch.MavenLaunchDelegate -  mvn -B  -Dstyle.color=always
2020-07-21 18:50:04,952 [Worker-50: Launching bootcampgl] INFO  o.e.m.i.launch.MavenLaunchDelegate - C:\GLBootCamp\workspace\GLBootCamp\bootcampgl
2020-07-21 18:50:04,952 [Worker-50: Launching bootcampgl] INFO  o.e.m.i.launch.MavenLaunchDelegate -  mvn -B  -Dstyle.color=always
2020-07-21 18:51:51,236 [Worker-57: Launching bootcampgl] INFO  o.e.m.i.launch.MavenLaunchDelegate - C:\GLBootCamp\workspace\GLBootCamp\bootcampgl
2020-07-21 18:51:51,236 [Worker-57: Launching bootcampgl] INFO  o.e.m.i.launch.MavenLaunchDelegate -  mvn -B  -Dstyle.color=always
2020-07-21 18:54:41,991 [Worker-60: Launching bootcampgl] INFO  o.e.m.i.launch.MavenLaunchDelegate - C:\GLBootCamp\workspace\GLBootCamp\bootcampgl
2020-07-21 18:54:41,991 [Worker-60: Launching bootcampgl] INFO  o.e.m.i.launch.MavenLaunchDelegate -  mvn -B  -Dstyle.color=always
2020-07-21 18:55:28,643 [Worker-61: Launching bootcampgl] INFO  o.e.m.i.launch.MavenLaunchDelegate - C:\GLBootCamp\workspace\GLBootCamp\bootcampgl
2020-07-21 18:55:28,643 [Worker-61: Launching bootcampgl] INFO  o.e.m.i.launch.MavenLaunchDelegate -  mvn -B box -Dstyle.color=always
2020-07-21 18:56:16,587 [Worker-61: Launching bootcampgl] INFO  o.e.m.i.launch.MavenLaunchDelegate - C:\GLBootCamp\workspace\GLBootCamp\bootcampgl
2020-07-21 18:56:16,588 [Worker-61: Launching bootcampgl] INFO  o.e.m.i.launch.MavenLaunchDelegate -  mvn -B Test -Dstyle.color=always
2020-07-21 18:57:27,683 [Worker-61: Launching bootcampgl] INFO  o.e.m.i.launch.MavenLaunchDelegate - C:\GLBootCamp\workspace\GLBootCamp\bootcampgl
2020-07-21 18:57:27,683 [Worker-61: Launching bootcampgl] INFO  o.e.m.i.launch.MavenLaunchDelegate -  mvn -B Test -Dstyle.color=always
2020-07-21 18:57:36,554 [Worker-62: Launching bootcampgl] INFO  o.e.m.i.launch.MavenLaunchDelegate - C:\GLBootCamp\workspace\GLBootCamp\bootcampgl
2020-07-21 18:57:36,554 [Worker-62: Launching bootcampgl] INFO  o.e.m.i.launch.MavenLaunchDelegate -  mvn -B  -Dstyle.color=always
2020-07-21 18:59:38,613 [main] INFO  o.e.m2e.actions.ExecutePomAction - Using existing launch configuration
2020-07-21 18:59:39,679 [Worker-68: Launching bootcampgl] INFO  o.e.m.i.launch.MavenLaunchDelegate - C:\GLBootCamp\workspace\GLBootCamp\bootcampgl
2020-07-21 18:59:39,679 [Worker-68: Launching bootcampgl] INFO  o.e.m.i.launch.MavenLaunchDelegate -  mvn -B  -Dstyle.color=always
2020-07-21 19:00:49,253 [main] INFO  o.e.m2e.actions.ExecutePomAction - Creating new launch configuration
2020-07-21 19:01:36,526 [Worker-67: Launching bootcampgl (1)] INFO  o.e.m.i.launch.MavenLaunchDelegate - C:\GLBootCamp\workspace\GLBootCamp
2020-07-21 19:01:36,526 [Worker-67: Launching bootcampgl (1)] INFO  o.e.m.i.launch.MavenLaunchDelegate -  mvn -B clean compile install -Dstyle.color=always
2020-07-21 19:01:52,105 [main] INFO  o.e.m2e.actions.ExecutePomAction - Creating new launch configuration
2020-07-21 19:02:58,444 [Worker-67: Launching bootcampgl (2)] INFO  o.e.m.i.launch.MavenLaunchDelegate - C:\GLBootCamp\workspace\GLBootCamp\bootcampgl
2020-07-21 19:02:58,444 [Worker-67: Launching bootcampgl (2)] INFO  o.e.m.i.launch.MavenLaunchDelegate -  mvn -B clean compile install -Dstyle.color=always
2020-07-21 19:03:52,955 [Worker-74: Launching bootcampgl (2)] INFO  o.e.m.i.launch.MavenLaunchDelegate - C:\GLBootCamp\workspace\GLBootCamp\bootcampgl
2020-07-21 19:03:52,955 [Worker-74: Launching bootcampgl (2)] INFO  o.e.m.i.launch.MavenLaunchDelegate -  mvn -B clean compile install -Dstyle.color=always
2020-07-21 23:06:12,320 [Worker-2: Loading available Gradle versions] INFO  o.e.b.c.i.u.g.PublishedGradleVersions - Gradle version information cache is out-of-date. Trying to update.
2020-07-21 23:11:52,252 [Worker-6: reload maven project] INFO  o.e.m.c.i.e.AbstractTransferListenerAdapter - Downloading https://repo.maven.apache.org/maven2/org/junit/jupiter/junit-jupiter-engine/5.1.0/junit-jupiter-engine-5.1.0.pom
2020-07-21 23:11:52,446 [Worker-6: reload maven project] INFO  o.e.m.c.i.e.AbstractTransferListenerAdapter - Downloaded https://repo.maven.apache.org/maven2/org/junit/jupiter/junit-jupiter-engine/5.1.0/junit-jupiter-engine-5.1.0.pom
2020-07-21 23:11:52,636 [Worker-6: reload maven project] INFO  o.e.m.c.i.e.AbstractTransferListenerAdapter - Downloading https://repo.maven.apache.org/maven2/org/apiguardian/apiguardian-api/1.0.0/apiguardian-api-1.0.0.pom
2020-07-21 23:11:53,033 [Worker-6: reload maven project] INFO  o.e.m.c.i.e.AbstractTransferListenerAdapter - Downloaded https://repo.maven.apache.org/maven2/org/apiguardian/apiguardian-api/1.0.0/apiguardian-api-1.0.0.pom
2020-07-21 23:11:53,218 [Worker-6: reload maven project] INFO  o.e.m.c.i.e.AbstractTransferListenerAdapter - Downloading https://repo.maven.apache.org/maven2/org/junit/platform/junit-platform-engine/1.1.0/junit-platform-engine-1.1.0.pom
2020-07-21 23:11:53,423 [Worker-6: reload maven project] INFO  o.e.m.c.i.e.AbstractTransferListenerAdapter - Downloaded https://repo.maven.apache.org/maven2/org/junit/platform/junit-platform-engine/1.1.0/junit-platform-engine-1.1.0.pom
2020-07-21 23:11:53,606 [Worker-6: reload maven project] INFO  o.e.m.c.i.e.AbstractTransferListenerAdapter - Downloading https://repo.maven.apache.org/maven2/org/junit/platform/junit-platform-commons/1.1.0/junit-platform-commons-1.1.0.pom
2020-07-21 23:11:53,804 [Worker-6: reload maven project] INFO  o.e.m.c.i.e.AbstractTransferListenerAdapter - Downloaded https://repo.maven.apache.org/maven2/org/junit/platform/junit-platform-commons/1.1.0/junit-platform-commons-1.1.0.pom
2020-07-21 23:11:53,989 [Worker-6: reload maven project] INFO  o.e.m.c.i.e.AbstractTransferListenerAdapter - Downloading https://repo.maven.apache.org/maven2/org/opentest4j/opentest4j/1.0.0/opentest4j-1.0.0.pom
2020-07-21 23:11:54,184 [Worker-6: reload maven project] INFO  o.e.m.c.i.e.AbstractTransferListenerAdapter - Downloaded https://repo.maven.apache.org/maven2/org/opentest4j/opentest4j/1.0.0/opentest4j-1.0.0.pom
2020-07-21 23:11:54,368 [Worker-6: reload maven project] INFO  o.e.m.c.i.e.AbstractTransferListenerAdapter - Downloading https://repo.maven.apache.org/maven2/org/junit/jupiter/junit-jupiter-api/5.1.0/junit-jupiter-api-5.1.0.pom
2020-07-21 23:11:54,613 [Worker-6: reload maven project] INFO  o.e.m.c.i.e.AbstractTransferListenerAdapter - Downloaded https://repo.maven.apache.org/maven2/org/junit/jupiter/junit-jupiter-api/5.1.0/junit-jupiter-api-5.1.0.pom
2020-07-21 23:11:54,816 [Worker-6: reload maven project] INFO  o.e.m.c.i.e.AbstractTransferListenerAdapter - Downloading https://repo.maven.apache.org/maven2/org/junit/platform/junit-platform-surefire-provider/1.0.0/junit-platform-surefire-provider-1.0.0.pom
2020-07-21 23:11:55,055 [Worker-6: reload maven project] INFO  o.e.m.c.i.e.AbstractTransferListenerAdapter - Downloaded https://repo.maven.apache.org/maven2/org/junit/platform/junit-platform-surefire-provider/1.0.0/junit-platform-surefire-provider-1.0.0.pom
2020-07-21 23:11:55,255 [Worker-6: reload maven project] INFO  o.e.m.c.i.e.AbstractTransferListenerAdapter - Downloading https://repo.maven.apache.org/maven2/org/junit/platform/junit-platform-launcher/1.0.0/junit-platform-launcher-1.0.0.pom
2020-07-21 23:11:55,444 [Worker-6: reload maven project] INFO  o.e.m.c.i.e.AbstractTransferListenerAdapter - Downloaded https://repo.maven.apache.org/maven2/org/junit/platform/junit-platform-launcher/1.0.0/junit-platform-launcher-1.0.0.pom
2020-07-21 23:11:55,628 [Worker-6: reload maven project] INFO  o.e.m.c.i.e.AbstractTransferListenerAdapter - Downloading https://repo.maven.apache.org/maven2/org/junit/platform/junit-platform-engine/1.0.0/junit-platform-engine-1.0.0.pom
2020-07-21 23:11:55,830 [Worker-6: reload maven project] INFO  o.e.m.c.i.e.AbstractTransferListenerAdapter - Downloaded https://repo.maven.apache.org/maven2/org/junit/platform/junit-platform-engine/1.0.0/junit-platform-engine-1.0.0.pom
2020-07-21 23:11:56,016 [Worker-6: reload maven project] INFO  o.e.m.c.i.e.AbstractTransferListenerAdapter - Downloading https://repo.maven.apache.org/maven2/org/junit/platform/junit-platform-commons/1.0.0/junit-platform-commons-1.0.0.pom
2020-07-21 23:11:56,215 [Worker-6: reload maven project] INFO  o.e.m.c.i.e.AbstractTransferListenerAdapter - Downloaded https://repo.maven.apache.org/maven2/org/junit/platform/junit-platform-commons/1.0.0/junit-platform-commons-1.0.0.pom
2020-07-21 23:11:56,397 [Worker-6: reload maven project] INFO  o.e.m.c.i.e.AbstractTransferListenerAdapter - Downloading https://repo.maven.apache.org/maven2/org/apache/maven/surefire/surefire-api/2.19.1/surefire-api-2.19.1.pom
2020-07-21 23:11:56,661 [Worker-6: reload maven project] INFO  o.e.m.c.i.e.AbstractTransferListenerAdapter - Downloaded https://repo.maven.apache.org/maven2/org/apache/maven/surefire/surefire-api/2.19.1/surefire-api-2.19.1.pom
2020-07-21 23:11:56,858 [Worker-6: reload maven project] INFO  o.e.m.c.i.e.AbstractTransferListenerAdapter - Downloading https://repo.maven.apache.org/maven2/org/apache/maven/surefire/surefire/2.19.1/surefire-2.19.1.pom
2020-07-21 23:11:57,365 [Worker-6: reload maven project] INFO  o.e.m.c.i.e.AbstractTransferListenerAdapter - Downloaded https://repo.maven.apache.org/maven2/org/apache/maven/surefire/surefire/2.19.1/surefire-2.19.1.pom
2020-07-21 23:11:57,544 [Worker-6: reload maven project] INFO  o.e.m.c.i.e.AbstractTransferListenerAdapter - Downloading https://repo.maven.apache.org/maven2/org/apache/maven/maven-parent/26/maven-parent-26.pom
2020-07-21 23:11:58,264 [Worker-6: reload maven project] INFO  o.e.m.c.i.e.AbstractTransferListenerAdapter - Downloaded https://repo.maven.apache.org/maven2/org/apache/maven/maven-parent/26/maven-parent-26.pom
2020-07-21 23:11:58,455 [Worker-6: reload maven project] INFO  o.e.m.c.i.e.AbstractTransferListenerAdapter - Downloading https://repo.maven.apache.org/maven2/org/apache/apache/16/apache-16.pom
2020-07-21 23:11:58,835 [Worker-6: reload maven project] INFO  o.e.m.c.i.e.AbstractTransferListenerAdapter - Downloaded https://repo.maven.apache.org/maven2/org/apache/apache/16/apache-16.pom
2020-07-21 23:11:59,026 [Worker-6: reload maven project] INFO  o.e.m.c.i.e.AbstractTransferListenerAdapter - Downloading https://repo.maven.apache.org/maven2/org/apache/maven/surefire/common-java5/2.19.1/common-java5-2.19.1.pom
2020-07-21 23:11:59,221 [Worker-6: reload maven project] INFO  o.e.m.c.i.e.AbstractTransferListenerAdapter - Downloaded https://repo.maven.apache.org/maven2/org/apache/maven/surefire/common-java5/2.19.1/common-java5-2.19.1.pom
2020-07-21 23:11:59,411 [Worker-6: reload maven project] INFO  o.e.m.c.i.e.AbstractTransferListenerAdapter - Downloading https://repo.maven.apache.org/maven2/org/apache/maven/surefire/surefire-providers/2.19.1/surefire-providers-2.19.1.pom
2020-07-21 23:11:59,620 [Worker-6: reload maven project] INFO  o.e.m.c.i.e.AbstractTransferListenerAdapter - Downloaded https://repo.maven.apache.org/maven2/org/apache/maven/surefire/surefire-providers/2.19.1/surefire-providers-2.19.1.pom
2020-07-21 23:11:59,805 [Worker-6: reload maven project] INFO  o.e.m.c.i.e.AbstractTransferListenerAdapter - Downloading https://repo.maven.apache.org/maven2/org/slf4j/slf4j-simple/1.7.30/slf4j-simple-1.7.30.pom
2020-07-21 23:12:00,009 [Worker-6: reload maven project] INFO  o.e.m.c.i.e.AbstractTransferListenerAdapter - Downloaded https://repo.maven.apache.org/maven2/org/slf4j/slf4j-simple/1.7.30/slf4j-simple-1.7.30.pom
2020-07-21 23:12:00,193 [Worker-6: reload maven project] INFO  o.e.m.c.i.e.AbstractTransferListenerAdapter - Downloading https://repo.maven.apache.org/maven2/org/slf4j/slf4j-parent/1.7.30/slf4j-parent-1.7.30.pom
2020-07-21 23:12:00,563 [Worker-6: reload maven project] INFO  o.e.m.c.i.e.AbstractTransferListenerAdapter - Downloaded https://repo.maven.apache.org/maven2/org/slf4j/slf4j-parent/1.7.30/slf4j-parent-1.7.30.pom
2020-07-21 23:12:00,755 [Worker-6: reload maven project] INFO  o.e.m.c.i.e.AbstractTransferListenerAdapter - Downloading https://repo.maven.apache.org/maven2/org/slf4j/slf4j-api/1.7.30/slf4j-api-1.7.30.pom
2020-07-21 23:12:00,960 [Worker-6: reload maven project] INFO  o.e.m.c.i.e.AbstractTransferListenerAdapter - Downloaded https://repo.maven.apache.org/maven2/org/slf4j/slf4j-api/1.7.30/slf4j-api-1.7.30.pom
2020-07-21 23:12:01,157 [AetherRepositoryConnector-repo.maven.apache.org-0-3] INFO  o.e.m.c.i.e.AbstractTransferListenerAdapter - Downloading https://repo.maven.apache.org/maven2/org/junit/platform/junit-platform-commons/1.1.0/junit-platform-commons-1.1.0.jar
2020-07-21 23:12:01,691 [AetherRepositoryConnector-repo.maven.apache.org-0-2] INFO  o.e.m.c.i.e.AbstractTransferListenerAdapter - Downloading https://repo.maven.apache.org/maven2/org/junit/platform/junit-platform-engine/1.1.0/junit-platform-engine-1.1.0.jar
2020-07-21 23:12:01,701 [AetherRepositoryConnector-repo.maven.apache.org-0-0] INFO  o.e.m.c.i.e.AbstractTransferListenerAdapter - Downloading https://repo.maven.apache.org/maven2/org/junit/jupiter/junit-jupiter-engine/5.1.0/junit-jupiter-engine-5.1.0.jar
2020-07-21 23:12:01,727 [AetherRepositoryConnector-repo.maven.apache.org-0-4] INFO  o.e.m.c.i.e.AbstractTransferListenerAdapter - Downloading https://repo.maven.apache.org/maven2/org/opentest4j/opentest4j/1.0.0/opentest4j-1.0.0.jar
2020-07-21 23:12:01,736 [AetherRepositoryConnector-repo.maven.apache.org-0-1] INFO  o.e.m.c.i.e.AbstractTransferListenerAdapter - Downloading https://repo.maven.apache.org/maven2/org/apiguardian/apiguardian-api/1.0.0/apiguardian-api-1.0.0.jar
2020-07-21 23:12:01,972 [AetherRepositoryConnector-repo.maven.apache.org-0-1] INFO  o.e.m.c.i.e.AbstractTransferListenerAdapter - Downloaded https://repo.maven.apache.org/maven2/org/apiguardian/apiguardian-api/1.0.0/apiguardian-api-1.0.0.jar
2020-07-21 23:12:01,972 [AetherRepositoryConnector-repo.maven.apache.org-0-4] INFO  o.e.m.c.i.e.AbstractTransferListenerAdapter - Downloaded https://repo.maven.apache.org/maven2/org/opentest4j/opentest4j/1.0.0/opentest4j-1.0.0.jar
2020-07-21 23:12:02,159 [AetherRepositoryConnector-repo.maven.apache.org-0-4] INFO  o.e.m.c.i.e.AbstractTransferListenerAdapter - Downloading https://repo.maven.apache.org/maven2/org/junit/platform/junit-platform-surefire-provider/1.0.0/junit-platform-surefire-provider-1.0.0.jar
2020-07-21 23:12:02,182 [AetherRepositoryConnector-repo.maven.apache.org-0-1] INFO  o.e.m.c.i.e.AbstractTransferListenerAdapter - Downloading https://repo.maven.apache.org/maven2/org/junit/jupiter/junit-jupiter-api/5.1.0/junit-jupiter-api-5.1.0.jar
2020-07-21 23:12:02,224 [AetherRepositoryConnector-repo.maven.apache.org-0-3] INFO  o.e.m.c.i.e.AbstractTransferListenerAdapter - Downloaded https://repo.maven.apache.org/maven2/org/junit/platform/junit-platform-commons/1.1.0/junit-platform-commons-1.1.0.jar
2020-07-21 23:12:02,331 [AetherRepositoryConnector-repo.maven.apache.org-0-2] INFO  o.e.m.c.i.e.AbstractTransferListenerAdapter - Downloaded https://repo.maven.apache.org/maven2/org/junit/platform/junit-platform-engine/1.1.0/junit-platform-engine-1.1.0.jar
2020-07-21 23:12:02,396 [AetherRepositoryConnector-repo.maven.apache.org-0-4] INFO  o.e.m.c.i.e.AbstractTransferListenerAdapter - Downloaded https://repo.maven.apache.org/maven2/org/junit/platform/junit-platform-surefire-provider/1.0.0/junit-platform-surefire-provider-1.0.0.jar
2020-07-21 23:12:02,408 [AetherRepositoryConnector-repo.maven.apache.org-0-3] INFO  o.e.m.c.i.e.AbstractTransferListenerAdapter - Downloading https://repo.maven.apache.org/maven2/org/junit/platform/junit-platform-launcher/1.0.0/junit-platform-launcher-1.0.0.jar
2020-07-21 23:12:02,512 [AetherRepositoryConnector-repo.maven.apache.org-0-2] INFO  o.e.m.c.i.e.AbstractTransferListenerAdapter - Downloading https://repo.maven.apache.org/maven2/org/apache/maven/surefire/surefire-api/2.19.1/surefire-api-2.19.1.jar
2020-07-21 23:12:02,516 [AetherRepositoryConnector-repo.maven.apache.org-0-0] INFO  o.e.m.c.i.e.AbstractTransferListenerAdapter - Downloaded https://repo.maven.apache.org/maven2/org/junit/jupiter/junit-jupiter-engine/5.1.0/junit-jupiter-engine-5.1.0.jar
2020-07-21 23:12:02,570 [AetherRepositoryConnector-repo.maven.apache.org-0-4] INFO  o.e.m.c.i.e.AbstractTransferListenerAdapter - Downloading https://repo.maven.apache.org/maven2/org/apache/maven/surefire/common-java5/2.19.1/common-java5-2.19.1.jar
2020-07-21 23:12:02,690 [AetherRepositoryConnector-repo.maven.apache.org-0-0] INFO  o.e.m.c.i.e.AbstractTransferListenerAdapter - Downloading https://repo.maven.apache.org/maven2/org/slf4j/slf4j-simple/1.7.30/slf4j-simple-1.7.30.jar
2020-07-21 23:12:02,910 [AetherRepositoryConnector-repo.maven.apache.org-0-0] INFO  o.e.m.c.i.e.AbstractTransferListenerAdapter - Downloaded https://repo.maven.apache.org/maven2/org/slf4j/slf4j-simple/1.7.30/slf4j-simple-1.7.30.jar
2020-07-21 23:12:03,054 [AetherRepositoryConnector-repo.maven.apache.org-0-3] INFO  o.e.m.c.i.e.AbstractTransferListenerAdapter - Downloaded https://repo.maven.apache.org/maven2/org/junit/platform/junit-platform-launcher/1.0.0/junit-platform-launcher-1.0.0.jar
2020-07-21 23:12:03,080 [AetherRepositoryConnector-repo.maven.apache.org-0-0] INFO  o.e.m.c.i.e.AbstractTransferListenerAdapter - Downloading https://repo.maven.apache.org/maven2/org/slf4j/slf4j-api/1.7.30/slf4j-api-1.7.30.jar
2020-07-21 23:12:03,255 [AetherRepositoryConnector-repo.maven.apache.org-0-4] INFO  o.e.m.c.i.e.AbstractTransferListenerAdapter - Downloaded https://repo.maven.apache.org/maven2/org/apache/maven/surefire/common-java5/2.19.1/common-java5-2.19.1.jar
2020-07-21 23:12:03,311 [AetherRepositoryConnector-repo.maven.apache.org-0-1] INFO  o.e.m.c.i.e.AbstractTransferListenerAdapter - Downloaded https://repo.maven.apache.org/maven2/org/junit/jupiter/junit-jupiter-api/5.1.0/junit-jupiter-api-5.1.0.jar
2020-07-21 23:12:03,411 [AetherRepositoryConnector-repo.maven.apache.org-0-0] INFO  o.e.m.c.i.e.AbstractTransferListenerAdapter - Downloaded https://repo.maven.apache.org/maven2/org/slf4j/slf4j-api/1.7.30/slf4j-api-1.7.30.jar
2020-07-21 23:12:03,459 [AetherRepositoryConnector-repo.maven.apache.org-0-2] INFO  o.e.m.c.i.e.AbstractTransferListenerAdapter - Downloaded https://repo.maven.apache.org/maven2/org/apache/maven/surefire/surefire-api/2.19.1/surefire-api-2.19.1.jar
2020-07-21 23:17:40,768 [Worker-18: reload maven project] INFO  o.e.m.c.i.e.AbstractTransferListenerAdapter - Downloading https://repo.maven.apache.org/maven2/io/micrometer/micrometer-core/1.5.2/micrometer-core-1.5.2.pom
2020-07-21 23:17:40,971 [Worker-18: reload maven project] INFO  o.e.m.c.i.e.AbstractTransferListenerAdapter - Downloaded https://repo.maven.apache.org/maven2/io/micrometer/micrometer-core/1.5.2/micrometer-core-1.5.2.pom
2020-07-21 23:17:41,156 [Worker-18: reload maven project] INFO  o.e.m.c.i.e.AbstractTransferListenerAdapter - Downloading https://repo.maven.apache.org/maven2/org/hdrhistogram/HdrHistogram/2.1.12/HdrHistogram-2.1.12.pom
2020-07-21 23:17:41,363 [Worker-18: reload maven project] INFO  o.e.m.c.i.e.AbstractTransferListenerAdapter - Downloaded https://repo.maven.apache.org/maven2/org/hdrhistogram/HdrHistogram/2.1.12/HdrHistogram-2.1.12.pom
2020-07-21 23:17:41,549 [Worker-18: reload maven project] INFO  o.e.m.c.i.e.AbstractTransferListenerAdapter - Downloading https://repo.maven.apache.org/maven2/org/latencyutils/LatencyUtils/2.0.3/LatencyUtils-2.0.3.pom
2020-07-21 23:17:41,737 [Worker-18: reload maven project] INFO  o.e.m.c.i.e.AbstractTransferListenerAdapter - Downloaded https://repo.maven.apache.org/maven2/org/latencyutils/LatencyUtils/2.0.3/LatencyUtils-2.0.3.pom
2020-07-21 23:17:41,915 [Worker-18: reload maven project] INFO  o.e.m.c.i.e.AbstractTransferListenerAdapter - Downloading https://repo.maven.apache.org/maven2/org/sonatype/oss/oss-parent/7/oss-parent-7.pom
2020-07-21 23:17:42,109 [Worker-18: reload maven project] INFO  o.e.m.c.i.e.AbstractTransferListenerAdapter - Downloaded https://repo.maven.apache.org/maven2/org/sonatype/oss/oss-parent/7/oss-parent-7.pom
2020-07-21 23:17:42,311 [AetherRepositoryConnector-repo.maven.apache.org-1-0] INFO  o.e.m.c.i.e.AbstractTransferListenerAdapter - Downloading https://repo.maven.apache.org/maven2/io/micrometer/micrometer-core/1.5.2/micrometer-core-1.5.2.jar
2020-07-21 23:17:42,849 [AetherRepositoryConnector-repo.maven.apache.org-1-1] INFO  o.e.m.c.i.e.AbstractTransferListenerAdapter - Downloading https://repo.maven.apache.org/maven2/org/hdrhistogram/HdrHistogram/2.1.12/HdrHistogram-2.1.12.jar
2020-07-21 23:17:42,857 [AetherRepositoryConnector-repo.maven.apache.org-1-2] INFO  o.e.m.c.i.e.AbstractTransferListenerAdapter - Downloading https://repo.maven.apache.org/maven2/org/latencyutils/LatencyUtils/2.0.3/LatencyUtils-2.0.3.jar
2020-07-21 23:17:43,294 [AetherRepositoryConnector-repo.maven.apache.org-1-2] INFO  o.e.m.c.i.e.AbstractTransferListenerAdapter - Downloaded https://repo.maven.apache.org/maven2/org/latencyutils/LatencyUtils/2.0.3/LatencyUtils-2.0.3.jar
2020-07-21 23:17:43,738 [AetherRepositoryConnector-repo.maven.apache.org-1-1] INFO  o.e.m.c.i.e.AbstractTransferListenerAdapter - Downloaded https://repo.maven.apache.org/maven2/org/hdrhistogram/HdrHistogram/2.1.12/HdrHistogram-2.1.12.jar
2020-07-21 23:17:44,268 [AetherRepositoryConnector-repo.maven.apache.org-1-0] INFO  o.e.m.c.i.e.AbstractTransferListenerAdapter - Downloaded https://repo.maven.apache.org/maven2/io/micrometer/micrometer-core/1.5.2/micrometer-core-1.5.2.jar
2020-07-21 23:18:57,000 [main] INFO  o.e.m2e.actions.ExecutePomAction - Creating new launch configuration
2020-07-22 13:27:16,306 [Worker-6: Loading available Gradle versions] INFO  o.e.b.c.i.u.g.PublishedGradleVersions - Gradle version information cache is up-to-date. Trying to read.
2020-07-22 15:18:07,056 [Worker-18: Launching bootcampgl (2)] INFO  o.e.m.i.launch.MavenLaunchDelegate - C:\GLBootCamp\workspace\GLBootCamp\bootcampgl
2020-07-22 15:18:07,058 [Worker-18: Launching bootcampgl (2)] INFO  o.e.m.i.launch.MavenLaunchDelegate -  mvn -B clean compile install -Dstyle.color=always
2020-07-22 15:23:22,197 [Worker-25: Update Maven projects configuration] INFO  o.e.m.c.i.p.ProjectConfigurationManager - Update started
2020-07-22 15:23:23,629 [Worker-25: Update Maven projects configuration] INFO  o.e.m.c.i.l.LifecycleMappingFactory - Using org.eclipse.m2e.jdt.JarLifecycleMapping lifecycle mapping for MavenProject: com.globallogic.app:bootcampgl2020:1.0-SNAPSHOT @ C:\GLBootCamp\workspace\GLBootCamp\bootcampgl2020\pom.xml.
2020-07-22 15:23:24,538 [Worker-25: Update Maven projects configuration] INFO  o.e.m.j.i.AbstractJavaProjectConfigurator - Adding source folder /bootcampgl2020/src/main/java
2020-07-22 15:23:24,547 [Worker-25: Update Maven projects configuration] INFO  o.e.m.j.i.AbstractJavaProjectConfigurator - Adding source folder /bootcampgl2020/src/test/java
2020-07-22 15:23:25,479 [Worker-25: Update Maven projects configuration] INFO  o.e.m.c.i.p.ProjectConfigurationManager - Update completed: 3 sec
2020-07-22 15:23:25,690 [Worker-30: Building] INFO  o.e.m.c.i.embedder.EclipseLogger - Using 'UTF-8' encoding to copy filtered resources.
2020-07-22 15:23:25,690 [Worker-30: Building] INFO  o.e.m.c.i.embedder.EclipseLogger - skip non existing resourceDirectory C:\GLBootCamp\workspace\GLBootCamp\bootcampgl2020\src\main\resources
2020-07-22 15:23:25,692 [Worker-30: Building] INFO  o.e.m.c.i.embedder.EclipseLogger - Using 'UTF-8' encoding to copy filtered resources.
2020-07-22 15:23:25,692 [Worker-30: Building] INFO  o.e.m.c.i.embedder.EclipseLogger - skip non existing resourceDirectory C:\GLBootCamp\workspace\GLBootCamp\bootcampgl2020\src\test\resources
2020-07-22 15:23:26,151 [Worker-29: Download sources and javadoc] INFO  o.e.m.c.i.e.AbstractTransferListenerAdapter - Downloading https://repo.maven.apache.org/maven2/junit/junit/3.8.1/junit-3.8.1-sources.jar
2020-07-22 15:23:26,690 [Worker-29: Download sources and javadoc] INFO  o.e.m.c.i.e.AbstractTransferListenerAdapter - Downloaded https://repo.maven.apache.org/maven2/junit/junit/3.8.1/junit-3.8.1-sources.jar
2020-07-22 15:23:26,809 [Worker-29: Download sources and javadoc] INFO  o.e.m.j.internal.DownloadSourcesJob - Downloaded sources for junit:junit:3.8.1
2020-07-22 15:23:27,524 [Worker-29: Download sources and javadoc] INFO  o.e.m.c.i.e.AbstractTransferListenerAdapter - Downloading https://repo.maven.apache.org/maven2/org/junit/jupiter/junit-jupiter-engine/5.1.0/junit-jupiter-engine-5.1.0-sources.jar
2020-07-22 15:23:28,116 [Worker-29: Download sources and javadoc] INFO  o.e.m.c.i.e.AbstractTransferListenerAdapter - Downloaded https://repo.maven.apache.org/maven2/org/junit/jupiter/junit-jupiter-engine/5.1.0/junit-jupiter-engine-5.1.0-sources.jar
2020-07-22 15:23:28,176 [Worker-29: Download sources and javadoc] INFO  o.e.m.j.internal.DownloadSourcesJob - Downloaded sources for org.junit.jupiter:junit-jupiter-engine:5.1.0
2020-07-22 15:23:28,874 [Worker-29: Download sources and javadoc] INFO  o.e.m.c.i.e.AbstractTransferListenerAdapter - Downloading https://repo.maven.apache.org/maven2/org/apiguardian/apiguardian-api/1.0.0/apiguardian-api-1.0.0-sources.jar
2020-07-22 15:23:29,067 [Worker-29: Download sources and javadoc] INFO  o.e.m.c.i.e.AbstractTransferListenerAdapter - Downloaded https://repo.maven.apache.org/maven2/org/apiguardian/apiguardian-api/1.0.0/apiguardian-api-1.0.0-sources.jar
2020-07-22 15:23:29,124 [Worker-29: Download sources and javadoc] INFO  o.e.m.j.internal.DownloadSourcesJob - Downloaded sources for org.apiguardian:apiguardian-api:1.0.0
2020-07-22 15:23:29,823 [Worker-29: Download sources and javadoc] INFO  o.e.m.c.i.e.AbstractTransferListenerAdapter - Downloading https://repo.maven.apache.org/maven2/org/junit/platform/junit-platform-engine/1.1.0/junit-platform-engine-1.1.0-sources.jar
2020-07-22 15:23:30,389 [Worker-29: Download sources and javadoc] INFO  o.e.m.c.i.e.AbstractTransferListenerAdapter - Downloaded https://repo.maven.apache.org/maven2/org/junit/platform/junit-platform-engine/1.1.0/junit-platform-engine-1.1.0-sources.jar
2020-07-22 15:23:30,446 [Worker-29: Download sources and javadoc] INFO  o.e.m.j.internal.DownloadSourcesJob - Downloaded sources for org.junit.platform:junit-platform-engine:1.1.0
2020-07-22 15:23:31,183 [Worker-29: Download sources and javadoc] INFO  o.e.m.c.i.e.AbstractTransferListenerAdapter - Downloading https://repo.maven.apache.org/maven2/org/junit/platform/junit-platform-commons/1.1.0/junit-platform-commons-1.1.0-sources.jar
2020-07-22 15:23:31,750 [Worker-29: Download sources and javadoc] INFO  o.e.m.c.i.e.AbstractTransferListenerAdapter - Downloaded https://repo.maven.apache.org/maven2/org/junit/platform/junit-platform-commons/1.1.0/junit-platform-commons-1.1.0-sources.jar
2020-07-22 15:23:31,852 [Worker-29: Download sources and javadoc] INFO  o.e.m.j.internal.DownloadSourcesJob - Downloaded sources for org.junit.platform:junit-platform-commons:1.1.0
2020-07-22 15:23:32,561 [Worker-29: Download sources and javadoc] INFO  o.e.m.c.i.e.AbstractTransferListenerAdapter - Downloading https://repo.maven.apache.org/maven2/org/opentest4j/opentest4j/1.0.0/opentest4j-1.0.0-sources.jar
2020-07-22 15:23:32,782 [Worker-29: Download sources and javadoc] INFO  o.e.m.c.i.e.AbstractTransferListenerAdapter - Downloaded https://repo.maven.apache.org/maven2/org/opentest4j/opentest4j/1.0.0/opentest4j-1.0.0-sources.jar
2020-07-22 15:23:32,840 [Worker-29: Download sources and javadoc] INFO  o.e.m.j.internal.DownloadSourcesJob - Downloaded sources for org.opentest4j:opentest4j:1.0.0
2020-07-22 15:23:33,559 [Worker-29: Download sources and javadoc] INFO  o.e.m.c.i.e.AbstractTransferListenerAdapter - Downloading https://repo.maven.apache.org/maven2/org/junit/jupiter/junit-jupiter-api/5.1.0/junit-jupiter-api-5.1.0-sources.jar
2020-07-22 15:23:34,269 [Worker-29: Download sources and javadoc] INFO  o.e.m.c.i.e.AbstractTransferListenerAdapter - Downloaded https://repo.maven.apache.org/maven2/org/junit/jupiter/junit-jupiter-api/5.1.0/junit-jupiter-api-5.1.0-sources.jar
2020-07-22 15:23:34,352 [Worker-29: Download sources and javadoc] INFO  o.e.m.j.internal.DownloadSourcesJob - Downloaded sources for org.junit.jupiter:junit-jupiter-api:5.1.0
2020-07-22 15:23:35,099 [Worker-29: Download sources and javadoc] INFO  o.e.m.c.i.e.AbstractTransferListenerAdapter - Downloading https://repo.maven.apache.org/maven2/org/junit/platform/junit-platform-surefire-provider/1.0.0/junit-platform-surefire-provider-1.0.0-sources.jar
2020-07-22 15:23:35,319 [Worker-29: Download sources and javadoc] INFO  o.e.m.c.i.e.AbstractTransferListenerAdapter - Downloaded https://repo.maven.apache.org/maven2/org/junit/platform/junit-platform-surefire-provider/1.0.0/junit-platform-surefire-provider-1.0.0-sources.jar
2020-07-22 15:23:35,380 [Worker-29: Download sources and javadoc] INFO  o.e.m.j.internal.DownloadSourcesJob - Downloaded sources for org.junit.platform:junit-platform-surefire-provider:1.0.0
2020-07-22 15:23:35,590 [Worker-30: Updating Maven Project] INFO  o.e.m.c.i.p.ProjectConfigurationManager - Update started
2020-07-22 15:23:35,887 [Worker-30: Updating Maven Project] INFO  o.e.m.c.i.l.LifecycleMappingFactory - Using org.eclipse.m2e.jdt.JarLifecycleMapping lifecycle mapping for MavenProject: com.globallogic.app:bootcampgl2020:1.0-SNAPSHOT @ C:\GLBootCamp\workspace\GLBootCamp\bootcampgl2020\pom.xml.
2020-07-22 15:23:36,122 [Worker-30: Updating Maven Project] INFO  o.e.m.j.i.AbstractJavaProjectConfigurator - Adding source folder /bootcampgl2020/src/main/java
2020-07-22 15:23:36,123 [Worker-30: Updating Maven Project] INFO  o.e.m.j.i.AbstractJavaProjectConfigurator - Adding source folder /bootcampgl2020/src/test/java
2020-07-22 15:23:36,125 [Worker-29: Download sources and javadoc] INFO  o.e.m.c.i.e.AbstractTransferListenerAdapter - Downloading https://repo.maven.apache.org/maven2/org/junit/platform/junit-platform-launcher/1.0.0/junit-platform-launcher-1.0.0-sources.jar
2020-07-22 15:23:36,218 [Worker-30: Updating Maven Project] INFO  o.e.m.c.i.p.ProjectConfigurationManager - Update completed: 0 sec
2020-07-22 15:23:36,453 [Worker-28: Building] INFO  o.e.m.c.i.embedder.EclipseLogger - Using 'UTF-8' encoding to copy filtered resources.
2020-07-22 15:23:36,453 [Worker-28: Building] INFO  o.e.m.c.i.embedder.EclipseLogger - skip non existing resourceDirectory C:\GLBootCamp\workspace\GLBootCamp\bootcampgl2020\src\main\resources
2020-07-22 15:23:36,454 [Worker-28: Building] INFO  o.e.m.c.i.embedder.EclipseLogger - Using 'UTF-8' encoding to copy filtered resources.
2020-07-22 15:23:36,454 [Worker-28: Building] INFO  o.e.m.c.i.embedder.EclipseLogger - skip non existing resourceDirectory C:\GLBootCamp\workspace\GLBootCamp\bootcampgl2020\src\test\resources
2020-07-22 15:23:36,670 [Worker-29: Download sources and javadoc] INFO  o.e.m.c.i.e.AbstractTransferListenerAdapter - Downloaded https://repo.maven.apache.org/maven2/org/junit/platform/junit-platform-launcher/1.0.0/junit-platform-launcher-1.0.0-sources.jar
2020-07-22 15:23:36,732 [Worker-29: Download sources and javadoc] INFO  o.e.m.j.internal.DownloadSourcesJob - Downloaded sources for org.junit.platform:junit-platform-launcher:1.0.0
2020-07-22 15:23:37,463 [Worker-29: Download sources and javadoc] INFO  o.e.m.c.i.e.AbstractTransferListenerAdapter - Downloading https://repo.maven.apache.org/maven2/org/apache/maven/surefire/surefire-api/2.19.1/surefire-api-2.19.1-sources.jar
2020-07-22 15:23:38,182 [Worker-29: Download sources and javadoc] INFO  o.e.m.c.i.e.AbstractTransferListenerAdapter - Downloaded https://repo.maven.apache.org/maven2/org/apache/maven/surefire/surefire-api/2.19.1/surefire-api-2.19.1-sources.jar
2020-07-22 15:23:38,249 [Worker-29: Download sources and javadoc] INFO  o.e.m.j.internal.DownloadSourcesJob - Downloaded sources for org.apache.maven.surefire:surefire-api:2.19.1
2020-07-22 15:23:39,007 [Worker-29: Download sources and javadoc] INFO  o.e.m.c.i.e.AbstractTransferListenerAdapter - Downloading https://repo.maven.apache.org/maven2/org/apache/maven/surefire/common-java5/2.19.1/common-java5-2.19.1-sources.jar
2020-07-22 15:23:39,214 [Worker-29: Download sources and javadoc] INFO  o.e.m.c.i.e.AbstractTransferListenerAdapter - Downloaded https://repo.maven.apache.org/maven2/org/apache/maven/surefire/common-java5/2.19.1/common-java5-2.19.1-sources.jar
2020-07-22 15:23:39,280 [Worker-29: Download sources and javadoc] INFO  o.e.m.j.internal.DownloadSourcesJob - Downloaded sources for org.apache.maven.surefire:common-java5:2.19.1
2020-07-22 15:23:40,029 [Worker-29: Download sources and javadoc] INFO  o.e.m.c.i.e.AbstractTransferListenerAdapter - Downloading https://repo.maven.apache.org/maven2/org/slf4j/slf4j-simple/1.7.30/slf4j-simple-1.7.30-sources.jar
2020-07-22 15:23:40,436 [Worker-29: Download sources and javadoc] INFO  o.e.m.c.i.e.AbstractTransferListenerAdapter - Downloaded https://repo.maven.apache.org/maven2/org/slf4j/slf4j-simple/1.7.30/slf4j-simple-1.7.30-sources.jar
2020-07-22 15:23:40,506 [Worker-29: Download sources and javadoc] INFO  o.e.m.j.internal.DownloadSourcesJob - Downloaded sources for org.slf4j:slf4j-simple:1.7.30
2020-07-22 15:23:41,226 [Worker-29: Download sources and javadoc] INFO  o.e.m.c.i.e.AbstractTransferListenerAdapter - Downloading https://repo.maven.apache.org/maven2/org/slf4j/slf4j-api/1.7.30/slf4j-api-1.7.30-sources.jar
2020-07-22 15:23:41,766 [Worker-29: Download sources and javadoc] INFO  o.e.m.c.i.e.AbstractTransferListenerAdapter - Downloaded https://repo.maven.apache.org/maven2/org/slf4j/slf4j-api/1.7.30/slf4j-api-1.7.30-sources.jar
2020-07-22 15:23:41,836 [Worker-29: Download sources and javadoc] INFO  o.e.m.j.internal.DownloadSourcesJob - Downloaded sources for org.slf4j:slf4j-api:1.7.30
2020-07-22 15:23:42,538 [Worker-29: Download sources and javadoc] INFO  o.e.m.c.i.e.AbstractTransferListenerAdapter - Downloading https://repo.maven.apache.org/maven2/io/micrometer/micrometer-core/1.5.2/micrometer-core-1.5.2-sources.jar
2020-07-22 15:23:43,910 [Worker-29: Download sources and javadoc] INFO  o.e.m.c.i.e.AbstractTransferListenerAdapter - Downloaded https://repo.maven.apache.org/maven2/io/micrometer/micrometer-core/1.5.2/micrometer-core-1.5.2-sources.jar
2020-07-22 15:23:44,035 [Worker-29: Download sources and javadoc] INFO  o.e.m.j.internal.DownloadSourcesJob - Downloaded sources for io.micrometer:micrometer-core:1.5.2
2020-07-22 15:23:44,751 [Worker-29: Download sources and javadoc] INFO  o.e.m.c.i.e.AbstractTransferListenerAdapter - Downloading https://repo.maven.apache.org/maven2/org/hdrhistogram/HdrHistogram/2.1.12/HdrHistogram-2.1.12-sources.jar
2020-07-22 15:23:45,579 [Worker-29: Download sources and javadoc] INFO  o.e.m.c.i.e.AbstractTransferListenerAdapter - Downloaded https://repo.maven.apache.org/maven2/org/hdrhistogram/HdrHistogram/2.1.12/HdrHistogram-2.1.12-sources.jar
2020-07-22 15:23:45,643 [Worker-29: Download sources and javadoc] INFO  o.e.m.j.internal.DownloadSourcesJob - Downloaded sources for org.hdrhistogram:HdrHistogram:2.1.12
2020-07-22 15:23:46,351 [Worker-29: Download sources and javadoc] INFO  o.e.m.c.i.e.AbstractTransferListenerAdapter - Downloading https://repo.maven.apache.org/maven2/org/latencyutils/LatencyUtils/2.0.3/LatencyUtils-2.0.3-sources.jar
2020-07-22 15:23:46,718 [Worker-29: Download sources and javadoc] INFO  o.e.m.c.i.e.AbstractTransferListenerAdapter - Downloaded https://repo.maven.apache.org/maven2/org/latencyutils/LatencyUtils/2.0.3/LatencyUtils-2.0.3-sources.jar
2020-07-22 15:23:46,776 [Worker-29: Download sources and javadoc] INFO  o.e.m.j.internal.DownloadSourcesJob - Downloaded sources for org.latencyutils:LatencyUtils:2.0.3
2020-07-22 15:23:46,782 [Worker-29: Download sources and javadoc] INFO  o.e.m.j.internal.DownloadSourcesJob - Downloaded sources for junit:junit:3.8.1
2020-07-22 15:23:46,788 [Worker-29: Download sources and javadoc] INFO  o.e.m.j.internal.DownloadSourcesJob - Downloaded sources for org.junit.jupiter:junit-jupiter-engine:5.1.0
2020-07-22 15:23:46,794 [Worker-29: Download sources and javadoc] INFO  o.e.m.j.internal.DownloadSourcesJob - Downloaded sources for org.apiguardian:apiguardian-api:1.0.0
2020-07-22 15:23:46,801 [Worker-29: Download sources and javadoc] INFO  o.e.m.j.internal.DownloadSourcesJob - Downloaded sources for org.junit.platform:junit-platform-engine:1.1.0
2020-07-22 15:23:46,806 [Worker-29: Download sources and javadoc] INFO  o.e.m.j.internal.DownloadSourcesJob - Downloaded sources for org.junit.platform:junit-platform-commons:1.1.0
2020-07-22 15:23:46,812 [Worker-29: Download sources and javadoc] INFO  o.e.m.j.internal.DownloadSourcesJob - Downloaded sources for org.opentest4j:opentest4j:1.0.0
2020-07-22 15:23:46,818 [Worker-29: Download sources and javadoc] INFO  o.e.m.j.internal.DownloadSourcesJob - Downloaded sources for org.junit.jupiter:junit-jupiter-api:5.1.0
2020-07-22 15:23:46,824 [Worker-29: Download sources and javadoc] INFO  o.e.m.j.internal.DownloadSourcesJob - Downloaded sources for org.junit.platform:junit-platform-surefire-provider:1.0.0
2020-07-22 15:23:46,830 [Worker-29: Download sources and javadoc] INFO  o.e.m.j.internal.DownloadSourcesJob - Downloaded sources for org.junit.platform:junit-platform-launcher:1.0.0
2020-07-22 15:23:46,836 [Worker-29: Download sources and javadoc] INFO  o.e.m.j.internal.DownloadSourcesJob - Downloaded sources for org.apache.maven.surefire:surefire-api:2.19.1
2020-07-22 15:23:46,842 [Worker-29: Download sources and javadoc] INFO  o.e.m.j.internal.DownloadSourcesJob - Downloaded sources for org.apache.maven.surefire:common-java5:2.19.1
2020-07-22 15:23:46,848 [Worker-29: Download sources and javadoc] INFO  o.e.m.j.internal.DownloadSourcesJob - Downloaded sources for org.slf4j:slf4j-simple:1.7.30
2020-07-22 15:23:46,854 [Worker-29: Download sources and javadoc] INFO  o.e.m.j.internal.DownloadSourcesJob - Downloaded sources for org.slf4j:slf4j-api:1.7.30
2020-07-22 15:23:46,860 [Worker-29: Download sources and javadoc] INFO  o.e.m.j.internal.DownloadSourcesJob - Downloaded sources for io.micrometer:micrometer-core:1.5.2
2020-07-22 15:23:46,866 [Worker-29: Download sources and javadoc] INFO  o.e.m.j.internal.DownloadSourcesJob - Downloaded sources for org.hdrhistogram:HdrHistogram:2.1.12
2020-07-22 15:23:46,872 [Worker-29: Download sources and javadoc] INFO  o.e.m.j.internal.DownloadSourcesJob - Downloaded sources for org.latencyutils:LatencyUtils:2.0.3
2020-07-22 15:23:46,878 [Worker-29: Download sources and javadoc] INFO  o.e.m.j.internal.DownloadSourcesJob - Downloaded sources for org.junit.platform:junit-platform-launcher:1.0.0
2020-07-22 15:23:46,884 [Worker-29: Download sources and javadoc] INFO  o.e.m.j.internal.DownloadSourcesJob - Downloaded sources for org.apache.maven.surefire:surefire-api:2.19.1
2020-07-22 15:23:46,889 [Worker-29: Download sources and javadoc] INFO  o.e.m.j.internal.DownloadSourcesJob - Downloaded sources for org.apache.maven.surefire:common-java5:2.19.1
2020-07-22 15:23:46,895 [Worker-29: Download sources and javadoc] INFO  o.e.m.j.internal.DownloadSourcesJob - Downloaded sources for org.slf4j:slf4j-simple:1.7.30
2020-07-22 15:23:46,900 [Worker-29: Download sources and javadoc] INFO  o.e.m.j.internal.DownloadSourcesJob - Downloaded sources for org.slf4j:slf4j-api:1.7.30
2020-07-22 15:23:46,906 [Worker-29: Download sources and javadoc] INFO  o.e.m.j.internal.DownloadSourcesJob - Downloaded sources for io.micrometer:micrometer-core:1.5.2
2020-07-22 15:23:46,911 [Worker-29: Download sources and javadoc] INFO  o.e.m.j.internal.DownloadSourcesJob - Downloaded sources for org.hdrhistogram:HdrHistogram:2.1.12
2020-07-22 15:23:46,916 [Worker-29: Download sources and javadoc] INFO  o.e.m.j.internal.DownloadSourcesJob - Downloaded sources for org.latencyutils:LatencyUtils:2.0.3
2020-07-22 15:23:46,922 [Worker-29: Download sources and javadoc] INFO  o.e.m.j.internal.DownloadSourcesJob - Downloaded sources for org.junit.platform:junit-platform-launcher:1.0.0
2020-07-22 15:23:46,927 [Worker-29: Download sources and javadoc] INFO  o.e.m.j.internal.DownloadSourcesJob - Downloaded sources for org.apache.maven.surefire:surefire-api:2.19.1
2020-07-22 15:23:46,932 [Worker-29: Download sources and javadoc] INFO  o.e.m.j.internal.DownloadSourcesJob - Downloaded sources for org.apache.maven.surefire:common-java5:2.19.1
2020-07-22 15:23:46,938 [Worker-29: Download sources and javadoc] INFO  o.e.m.j.internal.DownloadSourcesJob - Downloaded sources for org.slf4j:slf4j-simple:1.7.30
2020-07-22 15:23:46,944 [Worker-29: Download sources and javadoc] INFO  o.e.m.j.internal.DownloadSourcesJob - Downloaded sources for org.slf4j:slf4j-api:1.7.30
2020-07-22 15:23:46,950 [Worker-29: Download sources and javadoc] INFO  o.e.m.j.internal.DownloadSourcesJob - Downloaded sources for io.micrometer:micrometer-core:1.5.2
2020-07-22 15:23:46,955 [Worker-29: Download sources and javadoc] INFO  o.e.m.j.internal.DownloadSourcesJob - Downloaded sources for org.hdrhistogram:HdrHistogram:2.1.12
2020-07-22 15:23:46,962 [Worker-29: Download sources and javadoc] INFO  o.e.m.j.internal.DownloadSourcesJob - Downloaded sources for org.latencyutils:LatencyUtils:2.0.3
2020-07-22 15:23:47,113 [Worker-29: Building] INFO  o.e.m.c.i.embedder.EclipseLogger - Using 'UTF-8' encoding to copy filtered resources.
2020-07-22 15:23:47,113 [Worker-29: Building] INFO  o.e.m.c.i.embedder.EclipseLogger - skip non existing resourceDirectory C:\GLBootCamp\workspace\GLBootCamp\bootcampgl2020\src\main\resources
2020-07-22 15:23:47,114 [Worker-29: Building] INFO  o.e.m.c.i.embedder.EclipseLogger - Using 'UTF-8' encoding to copy filtered resources.
2020-07-22 15:23:47,114 [Worker-29: Building] INFO  o.e.m.c.i.embedder.EclipseLogger - skip non existing resourceDirectory C:\GLBootCamp\workspace\GLBootCamp\bootcampgl2020\src\test\resources
2020-07-22 15:23:55,425 [Worker-25: Update Maven projects configuration] INFO  o.e.m.c.i.p.ProjectConfigurationManager - Update started
2020-07-22 15:23:55,496 [Worker-25: Update Maven projects configuration] INFO  o.e.m.c.i.l.LifecycleMappingFactory - Using org.eclipse.m2e.jdt.JarLifecycleMapping lifecycle mapping for MavenProject: com.globallogic.myapp:bootcampgl:1.0-SNAPSHOT @ C:\GLBootCamp\workspace\GLBootCamp\bootcampgl\pom.xml.
2020-07-22 15:23:55,650 [Worker-25: Update Maven projects configuration] INFO  o.e.m.j.i.AbstractJavaProjectConfigurator - Adding source folder /bootcampgl/src/main/java
2020-07-22 15:23:55,652 [Worker-25: Update Maven projects configuration] INFO  o.e.m.j.i.AbstractJavaProjectConfigurator - Adding source folder /bootcampgl/src/test/java
2020-07-22 15:23:55,974 [Worker-25: Update Maven projects configuration] INFO  o.e.m.c.i.p.ProjectConfigurationManager - Update completed: 0 sec
2020-07-22 15:23:56,233 [Worker-29: Building] WARN  o.e.m.c.i.embedder.EclipseLogger - Using platform encoding (Cp1252 actually) to copy filtered resources, i.e. build is platform dependent!
2020-07-22 15:23:56,240 [Worker-29: Building] INFO  o.e.m.c.i.embedder.EclipseLogger - skip non existing resourceDirectory C:\GLBootCamp\workspace\GLBootCamp\bootcampgl\src\main\resources
2020-07-22 15:23:56,241 [Worker-29: Building] WARN  o.e.m.c.i.embedder.EclipseLogger - Using platform encoding (Cp1252 actually) to copy filtered resources, i.e. build is platform dependent!
2020-07-22 15:23:56,246 [Worker-29: Building] INFO  o.e.m.c.i.embedder.EclipseLogger - skip non existing resourceDirectory C:\GLBootCamp\workspace\GLBootCamp\bootcampgl\src\test\resources
2020-07-22 15:23:57,386 [Worker-28: Download sources and javadoc] INFO  o.e.m.c.i.e.AbstractTransferListenerAdapter - Downloading https://repo.maven.apache.org/maven2/org/apache/logging/log4j/log4j-api/2.13.3/log4j-api-2.13.3-sources.jar
2020-07-22 15:23:58,509 [Worker-28: Download sources and javadoc] INFO  o.e.m.c.i.e.AbstractTransferListenerAdapter - Downloaded https://repo.maven.apache.org/maven2/org/apache/logging/log4j/log4j-api/2.13.3/log4j-api-2.13.3-sources.jar
2020-07-22 15:23:58,572 [Worker-28: Download sources and javadoc] INFO  o.e.m.j.internal.DownloadSourcesJob - Downloaded sources for org.apache.logging.log4j:log4j-api:2.13.3
2020-07-22 15:23:59,290 [Worker-28: Download sources and javadoc] INFO  o.e.m.c.i.e.AbstractTransferListenerAdapter - Downloading https://repo.maven.apache.org/maven2/org/apache/logging/log4j/log4j-core/2.13.3/log4j-core-2.13.3-sources.jar
2020-07-22 15:24:03,032 [Worker-28: Download sources and javadoc] INFO  o.e.m.c.i.e.AbstractTransferListenerAdapter - Downloaded https://repo.maven.apache.org/maven2/org/apache/logging/log4j/log4j-core/2.13.3/log4j-core-2.13.3-sources.jar
2020-07-22 15:24:03,093 [Worker-28: Download sources and javadoc] INFO  o.e.m.j.internal.DownloadSourcesJob - Downloaded sources for org.apache.logging.log4j:log4j-core:2.13.3
2020-07-22 15:24:03,099 [Worker-28: Download sources and javadoc] INFO  o.e.m.j.internal.DownloadSourcesJob - Downloaded sources for org.apache.logging.log4j:log4j-api:2.13.3
2020-07-22 15:24:03,104 [Worker-28: Download sources and javadoc] INFO  o.e.m.j.internal.DownloadSourcesJob - Downloaded sources for org.apache.logging.log4j:log4j-core:2.13.3
2020-07-22 15:24:03,246 [Worker-25: Building] WARN  o.e.m.c.i.embedder.EclipseLogger - Using platform encoding (Cp1252 actually) to copy filtered resources, i.e. build is platform dependent!
2020-07-22 15:24:03,253 [Worker-25: Building] INFO  o.e.m.c.i.embedder.EclipseLogger - skip non existing resourceDirectory C:\GLBootCamp\workspace\GLBootCamp\bootcampgl\src\main\resources
2020-07-22 15:24:03,254 [Worker-25: Building] WARN  o.e.m.c.i.embedder.EclipseLogger - Using platform encoding (Cp1252 actually) to copy filtered resources, i.e. build is platform dependent!
2020-07-22 15:24:03,259 [Worker-25: Building] INFO  o.e.m.c.i.embedder.EclipseLogger - skip non existing resourceDirectory C:\GLBootCamp\workspace\GLBootCamp\bootcampgl\src\test\resources
2020-07-22 15:24:04,908 [Worker-29: Updating Maven Project] INFO  o.e.m.c.i.p.ProjectConfigurationManager - Update started
2020-07-22 15:24:04,980 [Worker-29: Updating Maven Project] INFO  o.e.m.c.i.l.LifecycleMappingFactory - Using org.eclipse.m2e.jdt.JarLifecycleMapping lifecycle mapping for MavenProject: com.globallogic.myapp:bootcampgl:1.0-SNAPSHOT @ C:\GLBootCamp\workspace\GLBootCamp\bootcampgl\pom.xml.
2020-07-22 15:24:05,084 [Worker-29: Updating Maven Project] INFO  o.e.m.j.i.AbstractJavaProjectConfigurator - Adding source folder /bootcampgl/src/main/java
2020-07-22 15:24:05,085 [Worker-29: Updating Maven Project] INFO  o.e.m.j.i.AbstractJavaProjectConfigurator - Adding source folder /bootcampgl/src/test/java
2020-07-22 15:24:05,162 [Worker-29: Updating Maven Project] INFO  o.e.m.c.i.p.ProjectConfigurationManager - Update completed: 0 sec
2020-07-22 15:24:05,383 [Worker-29: Building] WARN  o.e.m.c.i.embedder.EclipseLogger - Using platform encoding (Cp1252 actually) to copy filtered resources, i.e. build is platform dependent!
2020-07-22 15:24:05,388 [Worker-29: Building] INFO  o.e.m.c.i.embedder.EclipseLogger - skip non existing resourceDirectory C:\GLBootCamp\workspace\GLBootCamp\bootcampgl\src\main\resources
2020-07-22 15:24:05,389 [Worker-29: Building] WARN  o.e.m.c.i.embedder.EclipseLogger - Using platform encoding (Cp1252 actually) to copy filtered resources, i.e. build is platform dependent!
2020-07-22 15:24:05,395 [Worker-29: Building] INFO  o.e.m.c.i.embedder.EclipseLogger - skip non existing resourceDirectory C:\GLBootCamp\workspace\GLBootCamp\bootcampgl\src\test\resources
